1776906714.2816203,CRVS
1776906714.2816203,NMAX
1776906714.2816203,FCEL
1776906714.2816203,POET
1776906714.2816203,OBE
1776906714.2816203,RDW
1776906714.2816203,NRGV
1776906714.2816203,NVTS
1776906714.2816203,BLDP
1776906714.2816203,NKLR
1776967007.007463,NKLR
1776978586.864686,MBLY
1776978586.864686,PENN
1776978586.864686,EQPT
1776978586.864686,SKLZ
1776978586.864686,OBE
1776978586.864686,INV
1776978586.864686,KEEL
1776984051.5569665,CHDN
1776984051.5569665,GSHD
1776984051.5569665,HXL
1776984051.5569665,NNBR
1776984051.5569665,HELE
1776984051.5569665,SIGI
1776984051.5569665,APLD
1777008071.8081698,BANR
1777008071.8081698,MBLY
1777008071.8081698,PENN
1777008071.8081698,CHDN
1777008071.8081698,CPRX
1777008071.8081698,CSX
1777008071.8081698,CX
1777008071.8081698,EQPT
1777008071.8081698,SIGI
1777008071.8081698,APLD
1777008071.8081698,SKLZ
1777008071.8081698,STM
1777047321.1359506,MXL
1777047321.1359506,ATOM
1777047321.1359506,CEVA
1777047321.1359506,POET
1777047321.1359506,OGN
1777054243.6631854,INTC
1777062810.4201052,SYNA
1777062810.4201052,AIP
1777062810.4201052,COHU
1777071817.5536797,CEVA
1777071817.5536797,ATOM
1777071817.5536797,MXL
1777071817.5536797,OGN
1777071817.5536797,POET
1777083493.6132452,INTC
1777312335.2579648,CPRX
1777312335.2579648,ORKA
1777312335.2579648,MANE
1777312335.2579648,OGN
1777325892.4727192,CLF
1777325892.4727192,NE
1777325892.4727192,LAC
1777325892.4727192,CRML
